c:\users\omarm_000\documents\visual studio 2015\projects\c++\3dgameengine\3dgameengine\debug\vc140.pdb
c:\users\omarm_000\documents\visual studio 2015\projects\c++\3dgameengine\3dgameengine\debug\vc140.idb
c:\users\omarm_000\documents\visual studio 2015\projects\c++\3dgameengine\3dgameengine\debug\3dgameengine.obj
c:\users\omarm_000\documents\visual studio 2015\projects\c++\3dgameengine\3dgameengine\debug\camera.obj
c:\users\omarm_000\documents\visual studio 2015\projects\c++\3dgameengine\3dgameengine\debug\component.obj
c:\users\omarm_000\documents\visual studio 2015\projects\c++\3dgameengine\3dgameengine\debug\enginecore.obj
c:\users\omarm_000\documents\visual studio 2015\projects\c++\3dgameengine\3dgameengine\debug\entitymanager.obj
c:\users\omarm_000\documents\visual studio 2015\projects\c++\3dgameengine\3dgameengine\debug\game.obj
c:\users\omarm_000\documents\visual studio 2015\projects\c++\3dgameengine\3dgameengine\debug\gamewindow.obj
c:\users\omarm_000\documents\visual studio 2015\projects\c++\3dgameengine\3dgameengine\debug\glslprogram.obj
c:\users\omarm_000\documents\visual studio 2015\projects\c++\3dgameengine\3dgameengine\debug\input.obj
c:\users\omarm_000\documents\visual studio 2015\projects\c++\3dgameengine\3dgameengine\debug\resourceloader.obj
c:\users\omarm_000\documents\visual studio 2015\projects\c++\3dgameengine\3dgameengine\debug\mesh.obj
c:\users\omarm_000\documents\visual studio 2015\projects\c++\3dgameengine\3dgameengine\debug\mysprite.obj
c:\users\omarm_000\documents\visual studio 2015\projects\c++\3dgameengine\3dgameengine\debug\printer.obj
c:\users\omarm_000\documents\visual studio 2015\projects\c++\3dgameengine\3dgameengine\debug\renderutility.obj
c:\users\omarm_000\documents\visual studio 2015\projects\c++\3dgameengine\3dgameengine\debug\stdafx.obj
c:\users\omarm_000\documents\visual studio 2015\projects\c++\3dgameengine\3dgameengine\debug\entity.obj
c:\users\omarm_000\documents\visual studio 2015\projects\c++\3dgameengine\3dgameengine\debug\system.obj
c:\users\omarm_000\documents\visual studio 2015\projects\c++\3dgameengine\3dgameengine\debug\transformsystem.obj
c:\users\omarm_000\documents\visual studio 2015\projects\c++\3dgameengine\3dgameengine\debug\mytransform.obj
c:\users\omarm_000\documents\visual studio 2015\projects\c++\3dgameengine\3dgameengine\debug\3dgameengine.tlog\cl.command.1.tlog
c:\users\omarm_000\documents\visual studio 2015\projects\c++\3dgameengine\3dgameengine\debug\3dgameengine.tlog\cl.read.1.tlog
c:\users\omarm_000\documents\visual studio 2015\projects\c++\3dgameengine\3dgameengine\debug\3dgameengine.tlog\cl.write.1.tlog
c:\users\omarm_000\documents\visual studio 2015\projects\c++\3dgameengine\3dgameengine\debug\3dgameengine.tlog\link.command.1.tlog
c:\users\omarm_000\documents\visual studio 2015\projects\c++\3dgameengine\3dgameengine\debug\3dgameengine.tlog\link.read.1.tlog
c:\users\omarm_000\documents\visual studio 2015\projects\c++\3dgameengine\3dgameengine\debug\3dgameengine.tlog\link.write.1.tlog
